c:\users\endeavor\documents\github\doublehelix 2\debug\doublehelix.bsc
c:\users\endeavor\documents\github\doublehelix 2\debug\vc140.pdb
c:\users\endeavor\documents\github\doublehelix 2\debug\vc140.idb
c:\users\endeavor\documents\github\doublehelix 2\debug\windowscrollbar.sbr
c:\users\endeavor\documents\github\doublehelix 2\debug\undobuffer.sbr
c:\users\endeavor\documents\github\doublehelix 2\debug\uistate.sbr
c:\users\endeavor\documents\github\doublehelix 2\debug\tsaeditor.sbr
c:\users\endeavor\documents\github\doublehelix 2\debug\translation.sbr
c:\users\endeavor\documents\github\doublehelix 2\debug\tilesetwindow.sbr
c:\users\endeavor\documents\github\doublehelix 2\debug\texteditor.sbr
c:\users\endeavor\documents\github\doublehelix 2\debug\tabcontrols.sbr
c:\users\endeavor\documents\github\doublehelix 2\debug\stateditor.sbr
c:\users\endeavor\documents\github\doublehelix 2\debug\spriteseteditor.sbr
c:\users\endeavor\documents\github\doublehelix 2\debug\spriteselector.sbr
c:\users\endeavor\documents\github\doublehelix 2\debug\frmscrolls.sbr
c:\users\endeavor\documents\github\doublehelix 2\debug\scrolls.sbr
c:\users\endeavor\documents\github\doublehelix 2\debug\scrollbarhandle.sbr
c:\users\endeavor\documents\github\doublehelix 2\debug\sceneryeditor.sbr
c:\users\endeavor\documents\github\doublehelix 2\debug\samuseditorclass.sbr
c:\users\endeavor\documents\github\doublehelix 2\debug\roomoptions.sbr
c:\users\endeavor\documents\github\doublehelix 2\debug\romfile.sbr
c:\users\endeavor\documents\github\doublehelix 2\debug\rightmouseclick.sbr
c:\users\endeavor\documents\github\doublehelix 2\debug\paletteeditor.sbr
c:\users\endeavor\documents\github\doublehelix 2\debug\paletteeditor.nativecodeanalysis.xml
c:\users\endeavor\documents\github\doublehelix 2\debug\rightmouseclick.nativecodeanalysis.xml
c:\users\endeavor\documents\github\doublehelix 2\debug\romfile.nativecodeanalysis.xml
c:\users\endeavor\documents\github\doublehelix 2\debug\roomoptions.nativecodeanalysis.xml
c:\users\endeavor\documents\github\doublehelix 2\debug\samuseditorclass.nativecodeanalysis.xml
c:\users\endeavor\documents\github\doublehelix 2\debug\sceneryeditor.nativecodeanalysis.xml
c:\users\endeavor\documents\github\doublehelix 2\debug\scrollbarhandle.nativecodeanalysis.xml
c:\users\endeavor\documents\github\doublehelix 2\debug\scrolls.nativecodeanalysis.xml
c:\users\endeavor\documents\github\doublehelix 2\debug\frmscrolls.nativecodeanalysis.xml
c:\users\endeavor\documents\github\doublehelix 2\debug\spriteselector.nativecodeanalysis.xml
c:\users\endeavor\documents\github\doublehelix 2\debug\spriteseteditor.nativecodeanalysis.xml
c:\users\endeavor\documents\github\doublehelix 2\debug\stateditor.nativecodeanalysis.xml
c:\users\endeavor\documents\github\doublehelix 2\debug\tabcontrols.nativecodeanalysis.xml
c:\users\endeavor\documents\github\doublehelix 2\debug\texteditor.nativecodeanalysis.xml
c:\users\endeavor\documents\github\doublehelix 2\debug\tilesetwindow.nativecodeanalysis.xml
c:\users\endeavor\documents\github\doublehelix 2\debug\translation.nativecodeanalysis.xml
c:\users\endeavor\documents\github\doublehelix 2\debug\tsaeditor.nativecodeanalysis.xml
c:\users\endeavor\documents\github\doublehelix 2\debug\uistate.nativecodeanalysis.xml
c:\users\endeavor\documents\github\doublehelix 2\debug\undobuffer.nativecodeanalysis.xml
c:\users\endeavor\documents\github\doublehelix 2\debug\windowscrollbar.nativecodeanalysis.xml
c:\users\endeavor\documents\github\doublehelix 2\debug\windowscrollbar.obj
c:\users\endeavor\documents\github\doublehelix 2\debug\undobuffer.obj
c:\users\endeavor\documents\github\doublehelix 2\debug\uistate.obj
c:\users\endeavor\documents\github\doublehelix 2\debug\tsaeditor.obj
c:\users\endeavor\documents\github\doublehelix 2\debug\translation.obj
c:\users\endeavor\documents\github\doublehelix 2\debug\tilesetwindow.obj
c:\users\endeavor\documents\github\doublehelix 2\debug\texteditor.obj
c:\users\endeavor\documents\github\doublehelix 2\debug\tabcontrols.obj
c:\users\endeavor\documents\github\doublehelix 2\debug\stateditor.obj
c:\users\endeavor\documents\github\doublehelix 2\debug\spriteseteditor.obj
c:\users\endeavor\documents\github\doublehelix 2\debug\spriteselector.obj
c:\users\endeavor\documents\github\doublehelix 2\debug\frmscrolls.obj
c:\users\endeavor\documents\github\doublehelix 2\debug\scrolls.obj
c:\users\endeavor\documents\github\doublehelix 2\debug\scrollbarhandle.obj
c:\users\endeavor\documents\github\doublehelix 2\debug\sceneryeditor.obj
c:\users\endeavor\documents\github\doublehelix 2\debug\samuseditorclass.obj
c:\users\endeavor\documents\github\doublehelix 2\debug\roomoptions.obj
c:\users\endeavor\documents\github\doublehelix 2\debug\romfile.obj
c:\users\endeavor\documents\github\doublehelix 2\debug\rightmouseclick.obj
c:\users\endeavor\documents\github\doublehelix 2\debug\paletteeditor.obj
c:\users\endeavor\documents\github\doublehelix 2\debug\oamwinprocedureinit.sbr
c:\users\endeavor\documents\github\doublehelix 2\debug\frmoam.sbr
c:\users\endeavor\documents\github\doublehelix 2\debug\nfunctions.sbr
c:\users\endeavor\documents\github\doublehelix 2\debug\minimapeditorclass.sbr
c:\users\endeavor\documents\github\doublehelix 2\debug\minimapeditor.sbr
c:\users\endeavor\documents\github\doublehelix 2\debug\mapwindow.sbr
c:\users\endeavor\documents\github\doublehelix 2\debug\maputils.sbr
c:\users\endeavor\documents\github\doublehelix 2\debug\main.sbr
c:\users\endeavor\documents\github\doublehelix 2\debug\ipspatch.sbr
c:\users\endeavor\documents\github\doublehelix 2\debug\insert.sbr
c:\users\endeavor\documents\github\doublehelix 2\debug\headereditor.sbr
c:\users\endeavor\documents\github\doublehelix 2\debug\globalvars.sbr
c:\users\endeavor\documents\github\doublehelix 2\debug\globals.sbr
c:\users\endeavor\documents\github\doublehelix 2\debug\frmsamuseditor.sbr
c:\users\endeavor\documents\github\doublehelix 2\debug\frmrepoint.sbr
c:\users\endeavor\documents\github\doublehelix 2\debug\frmmapdata.sbr
c:\users\endeavor\documents\github\doublehelix 2\debug\frmdoor.sbr
c:\users\endeavor\documents\github\doublehelix 2\debug\dynio.sbr
c:\users\endeavor\documents\github\doublehelix 2\debug\door connections.sbr
c:\users\endeavor\documents\github\doublehelix 2\debug\ctsaeditorclass.sbr
c:\users\endeavor\documents\github\doublehelix 2\debug\ctsaeditorclass.nativecodeanalysis.xml
c:\users\endeavor\documents\github\doublehelix 2\debug\door connections.nativecodeanalysis.xml
c:\users\endeavor\documents\github\doublehelix 2\debug\dynio.nativecodeanalysis.xml
c:\users\endeavor\documents\github\doublehelix 2\debug\frmdoor.nativecodeanalysis.xml
c:\users\endeavor\documents\github\doublehelix 2\debug\frmmapdata.nativecodeanalysis.xml
c:\users\endeavor\documents\github\doublehelix 2\debug\frmrepoint.nativecodeanalysis.xml
c:\users\endeavor\documents\github\doublehelix 2\debug\frmsamuseditor.nativecodeanalysis.xml
c:\users\endeavor\documents\github\doublehelix 2\debug\globals.nativecodeanalysis.xml
c:\users\endeavor\documents\github\doublehelix 2\debug\globalvars.nativecodeanalysis.xml
c:\users\endeavor\documents\github\doublehelix 2\debug\headereditor.nativecodeanalysis.xml
c:\users\endeavor\documents\github\doublehelix 2\debug\insert.nativecodeanalysis.xml
c:\users\endeavor\documents\github\doublehelix 2\debug\ipspatch.nativecodeanalysis.xml
c:\users\endeavor\documents\github\doublehelix 2\debug\main.nativecodeanalysis.xml
c:\users\endeavor\documents\github\doublehelix 2\debug\maputils.nativecodeanalysis.xml
c:\users\endeavor\documents\github\doublehelix 2\debug\mapwindow.nativecodeanalysis.xml
c:\users\endeavor\documents\github\doublehelix 2\debug\minimapeditor.nativecodeanalysis.xml
c:\users\endeavor\documents\github\doublehelix 2\debug\minimapeditorclass.nativecodeanalysis.xml
c:\users\endeavor\documents\github\doublehelix 2\debug\nfunctions.nativecodeanalysis.xml
c:\users\endeavor\documents\github\doublehelix 2\debug\frmoam.nativecodeanalysis.xml
c:\users\endeavor\documents\github\doublehelix 2\debug\oamwinprocedureinit.nativecodeanalysis.xml
c:\users\endeavor\documents\github\doublehelix 2\debug\oamwinprocedureinit.obj
c:\users\endeavor\documents\github\doublehelix 2\debug\frmoam.obj
c:\users\endeavor\documents\github\doublehelix 2\debug\nfunctions.obj
c:\users\endeavor\documents\github\doublehelix 2\debug\minimapeditorclass.obj
c:\users\endeavor\documents\github\doublehelix 2\debug\minimapeditor.obj
c:\users\endeavor\documents\github\doublehelix 2\debug\mapwindow.obj
c:\users\endeavor\documents\github\doublehelix 2\debug\maputils.obj
c:\users\endeavor\documents\github\doublehelix 2\debug\main.obj
c:\users\endeavor\documents\github\doublehelix 2\debug\ipspatch.obj
c:\users\endeavor\documents\github\doublehelix 2\debug\insert.obj
c:\users\endeavor\documents\github\doublehelix 2\debug\headereditor.obj
c:\users\endeavor\documents\github\doublehelix 2\debug\globalvars.obj
c:\users\endeavor\documents\github\doublehelix 2\debug\globals.obj
c:\users\endeavor\documents\github\doublehelix 2\debug\frmsamuseditor.obj
c:\users\endeavor\documents\github\doublehelix 2\debug\frmrepoint.obj
c:\users\endeavor\documents\github\doublehelix 2\debug\frmmapdata.obj
c:\users\endeavor\documents\github\doublehelix 2\debug\frmdoor.obj
c:\users\endeavor\documents\github\doublehelix 2\debug\dynio.obj
c:\users\endeavor\documents\github\doublehelix 2\debug\door connections.obj
c:\users\endeavor\documents\github\doublehelix 2\debug\ctsaeditorclass.obj
c:\users\endeavor\documents\github\doublehelix 2\debug\cted.sbr
c:\users\endeavor\documents\github\doublehelix 2\debug\cstated.sbr
c:\users\endeavor\documents\github\doublehelix 2\debug\csse.sbr
c:\users\endeavor\documents\github\doublehelix 2\debug\coamedit.sbr
c:\users\endeavor\documents\github\doublehelix 2\debug\clipboard.sbr
c:\users\endeavor\documents\github\doublehelix 2\debug\cclipboard.sbr
c:\users\endeavor\documents\github\doublehelix 2\debug\bgimporteditor.sbr
c:\users\endeavor\documents\github\doublehelix 2\debug\framainproc.sbr
c:\users\endeavor\documents\github\doublehelix 2\debug\dhproject.sbr
c:\users\endeavor\documents\github\doublehelix 2\debug\clsscroll.sbr
c:\users\endeavor\documents\github\doublehelix 2\debug\appdata.sbr
c:\users\endeavor\documents\github\doublehelix 2\debug\appdata.nativecodeanalysis.xml
c:\users\endeavor\documents\github\doublehelix 2\debug\clsscroll.nativecodeanalysis.xml
c:\users\endeavor\documents\github\doublehelix 2\debug\dhproject.nativecodeanalysis.xml
c:\users\endeavor\documents\github\doublehelix 2\debug\framainproc.nativecodeanalysis.xml
c:\users\endeavor\documents\github\doublehelix 2\debug\bgimporteditor.nativecodeanalysis.xml
c:\users\endeavor\documents\github\doublehelix 2\debug\cclipboard.nativecodeanalysis.xml
c:\users\endeavor\documents\github\doublehelix 2\debug\clipboard.nativecodeanalysis.xml
c:\users\endeavor\documents\github\doublehelix 2\debug\coamedit.nativecodeanalysis.xml
c:\users\endeavor\documents\github\doublehelix 2\debug\csse.nativecodeanalysis.xml
c:\users\endeavor\documents\github\doublehelix 2\debug\cstated.nativecodeanalysis.xml
c:\users\endeavor\documents\github\doublehelix 2\debug\cted.nativecodeanalysis.xml
c:\users\endeavor\documents\github\doublehelix 2\debug\cted.obj
c:\users\endeavor\documents\github\doublehelix 2\debug\cstated.obj
c:\users\endeavor\documents\github\doublehelix 2\debug\csse.obj
c:\users\endeavor\documents\github\doublehelix 2\debug\coamedit.obj
c:\users\endeavor\documents\github\doublehelix 2\debug\clipboard.obj
c:\users\endeavor\documents\github\doublehelix 2\debug\cclipboard.obj
c:\users\endeavor\documents\github\doublehelix 2\debug\bgimporteditor.obj
c:\users\endeavor\documents\github\doublehelix 2\debug\framainproc.obj
c:\users\endeavor\documents\github\doublehelix 2\debug\dhproject.obj
c:\users\endeavor\documents\github\doublehelix 2\debug\clsscroll.obj
c:\users\endeavor\documents\github\doublehelix 2\debug\appdata.obj
c:\users\endeavor\documents\github\doublehelix 2\debug\doublehelix.exe
c:\users\endeavor\documents\github\doublehelix 2\debug\doublehelix.map
c:\users\endeavor\documents\github\doublehelix 2\debug\doublehelix.pdb
c:\users\endeavor\documents\github\doublehelix 2\debug\res.res
c:\users\endeavor\documents\github\doublehelix 2\debug\nativecodeanalysis.read.1.tlog
c:\users\endeavor\documents\github\doublehelix 2\debug\vc.nativecodeanalysis.all.xml
c:\users\endeavor\documents\github\doublehelix 2\debug\doublehelix.exe.lastcodeanalysissucceeded
c:\users\endeavor\documents\github\doublehelix 2\debug\doublehelix.tlog\bscmake.command.1.tlog
c:\users\endeavor\documents\github\doublehelix 2\debug\doublehelix.tlog\bscmake.read.1.tlog
c:\users\endeavor\documents\github\doublehelix 2\debug\doublehelix.tlog\bscmake.write.1.tlog
c:\users\endeavor\documents\github\doublehelix 2\debug\doublehelix.tlog\cl.command.1.tlog
c:\users\endeavor\documents\github\doublehelix 2\debug\doublehelix.tlog\cl.read.1.tlog
c:\users\endeavor\documents\github\doublehelix 2\debug\doublehelix.tlog\cl.write.1.tlog
c:\users\endeavor\documents\github\doublehelix 2\debug\doublehelix.tlog\link.command.1.tlog
c:\users\endeavor\documents\github\doublehelix 2\debug\doublehelix.tlog\link.read.1.tlog
c:\users\endeavor\documents\github\doublehelix 2\debug\doublehelix.tlog\link.write.1.tlog
c:\users\endeavor\documents\github\doublehelix 2\debug\doublehelix.tlog\rc.command.1.tlog
c:\users\endeavor\documents\github\doublehelix 2\debug\doublehelix.tlog\rc.read.1.tlog
c:\users\endeavor\documents\github\doublehelix 2\debug\doublehelix.tlog\rc.write.1.tlog
